生成启动时间为 2014/10/3 10:41:06。
     1>项目“D:\MyProgramAndDocument\HWOJ\Orienteering\Orienteering\Orienteering.vcxproj”在节点 2 上(build 个目标)。
     1>InitializeBuildStatus:
         正在创建“Debug\Orienteering.unsuccessfulbuild”，因为已指定“AlwaysCreate”。
       ClCompile:
         D:\Program\Vs2010\VC\bin\CL.exe /c /ZI /nologo /W3 /WX- /Od /Oy- /D WIN32 /D _DEBUG /D _CONSOLE /D _UNICODE /D UNICODE /Gm /EHsc /RTC1 /MDd /GS /fp:precise /Zc:wchar_t /Zc:forScope /Fo"Debug\\" /Fd"Debug\vc100.pdb" /Gd /TP /analyze- /errorReport:prompt Orienteering.cpp
         Orienteering.cpp
     1>d:\myprogramanddocument\hwoj\orienteering\orienteering\orienteering.cpp(698): warning C4996: 'freopen': This function or variable may be unsafe. Consider using freopen_s instead. To disable deprecation, use _CRT_SECURE_NO_WARNINGS. See online help for details.
                 d:\program\vs2010\vc\include\stdio.h(249) : 参见“freopen”的声明
     1>d:\myprogramanddocument\hwoj\orienteering\orienteering\orienteering.cpp(699): warning C4996: 'freopen': This function or variable may be unsafe. Consider using freopen_s instead. To disable deprecation, use _CRT_SECURE_NO_WARNINGS. See online help for details.
                 d:\program\vs2010\vc\include\stdio.h(249) : 参见“freopen”的声明
     1>d:\myprogramanddocument\hwoj\orienteering\orienteering\orienteering.cpp(701): warning C4996: 'scanf': This function or variable may be unsafe. Consider using scanf_s instead. To disable deprecation, use _CRT_SECURE_NO_WARNINGS. See online help for details.
                 d:\program\vs2010\vc\include\stdio.h(304) : 参见“scanf”的声明
     1>d:\myprogramanddocument\hwoj\orienteering\orienteering\orienteering.cpp(723): warning C4996: 'scanf': This function or variable may be unsafe. Consider using scanf_s instead. To disable deprecation, use _CRT_SECURE_NO_WARNINGS. See online help for details.
                 d:\program\vs2010\vc\include\stdio.h(304) : 参见“scanf”的声明
     1>d:\myprogramanddocument\hwoj\orienteering\orienteering\orienteering.cpp(741): warning C4996: 'scanf': This function or variable may be unsafe. Consider using scanf_s instead. To disable deprecation, use _CRT_SECURE_NO_WARNINGS. See online help for details.
                 d:\program\vs2010\vc\include\stdio.h(304) : 参见“scanf”的声明
       ManifestResourceCompile:
         所有输出均为最新。
       Link:
         D:\Program\Vs2010\VC\bin\link.exe /ERRORREPORT:PROMPT /OUT:"D:\MyProgramAndDocument\HWOJ\Orienteering\Debug\Orienteering.exe" /INCREMENTAL /NOLOGO kernel32.lib user32.lib gdi32.lib winspool.lib comdlg32.lib advapi32.lib shell32.lib ole32.lib oleaut32.lib uuid.lib odbc32.lib odbccp32.lib /MANIFEST /ManifestFile:"Debug\Orienteering.exe.intermediate.manifest" /MANIFESTUAC:"level='asInvoker' uiAccess='false'" /DEBUG /PDB:"D:\MyProgramAndDocument\HWOJ\Orienteering\Debug\Orienteering.pdb" /SUBSYSTEM:CONSOLE /TLBID:1 /DYNAMICBASE /NXCOMPAT /IMPLIB:"D:\MyProgramAndDocument\HWOJ\Orienteering\Debug\Orienteering.lib" /MACHINE:X86 Debug\Orienteering.exe.embed.manifest.res
         Debug\Orienteering.obj
       Manifest:
         C:\Program Files\Microsoft SDKs\Windows\v7.0A\bin\mt.exe /nologo /verbose /out:"Debug\Orienteering.exe.embed.manifest" /manifest Debug\Orienteering.exe.intermediate.manifest
         所有输出均为最新。
       LinkEmbedManifest:
         所有输出均为最新。
         Orienteering.vcxproj -> D:\MyProgramAndDocument\HWOJ\Orienteering\Debug\Orienteering.exe
       FinalizeBuildStatus:
         正在删除文件“Debug\Orienteering.unsuccessfulbuild”。
         正在对“Debug\Orienteering.lastbuildstate”执行 Touch 任务。
     1>已完成生成项目“D:\MyProgramAndDocument\HWOJ\Orienteering\Orienteering\Orienteering.vcxproj”(build 个目标)的操作。

生成成功。

已用时间 00:00:00.70
