生成启动时间为 2014/10/2 16:39:02。
     1>项目“D:\MyProgramAndDocument\HWOJ\Orienteering\YouxianDuilie\YouxianDuilie.vcxproj”在节点 2 上(build 个目标)。
     1>InitializeBuildStatus:
         正在创建“Debug\YouxianDuilie.unsuccessfulbuild”，因为已指定“AlwaysCreate”。
       ClCompile:
         D:\Program\Vs2010\VC\bin\CL.exe /c /ZI /nologo /W3 /WX- /Od /Oy- /D WIN32 /D _DEBUG /D _CONSOLE /D _UNICODE /D UNICODE /Gm /EHsc /RTC1 /MDd /GS /fp:precise /Zc:wchar_t /Zc:forScope /Fo"Debug\\" /Fd"Debug\vc100.pdb" /Gd /TP /analyze- /errorReport:prompt YouxianDuilie.cpp
         YouxianDuilie.cpp
     1>d:\myprogramanddocument\hwoj\orienteering\youxianduilie\youxianduilie.cpp(150): warning C4996: 'freopen': This function or variable may be unsafe. Consider using freopen_s instead. To disable deprecation, use _CRT_SECURE_NO_WARNINGS. See online help for details.
                 d:\program\vs2010\vc\include\stdio.h(249) : 参见“freopen”的声明
     1>d:\myprogramanddocument\hwoj\orienteering\youxianduilie\youxianduilie.cpp(151): warning C4996: 'freopen': This function or variable may be unsafe. Consider using freopen_s instead. To disable deprecation, use _CRT_SECURE_NO_WARNINGS. See online help for details.
                 d:\program\vs2010\vc\include\stdio.h(249) : 参见“freopen”的声明
     1>d:\myprogramanddocument\hwoj\orienteering\youxianduilie\youxianduilie.cpp(158): warning C4996: 'scanf': This function or variable may be unsafe. Consider using scanf_s instead. To disable deprecation, use _CRT_SECURE_NO_WARNINGS. See online help for details.
                 d:\program\vs2010\vc\include\stdio.h(304) : 参见“scanf”的声明
     1>d:\myprogramanddocument\hwoj\orienteering\youxianduilie\youxianduilie.cpp(163): warning C4996: 'scanf': This function or variable may be unsafe. Consider using scanf_s instead. To disable deprecation, use _CRT_SECURE_NO_WARNINGS. See online help for details.
                 d:\program\vs2010\vc\include\stdio.h(304) : 参见“scanf”的声明
       ManifestResourceCompile:
         所有输出均为最新。
       Link:
         D:\Program\Vs2010\VC\bin\link.exe /ERRORREPORT:PROMPT /OUT:"D:\MyProgramAndDocument\HWOJ\Orienteering\Debug\YouxianDuilie.exe" /INCREMENTAL /NOLOGO kernel32.lib user32.lib gdi32.lib winspool.lib comdlg32.lib advapi32.lib shell32.lib ole32.lib oleaut32.lib uuid.lib odbc32.lib odbccp32.lib /MANIFEST /ManifestFile:"Debug\YouxianDuilie.exe.intermediate.manifest" /MANIFESTUAC:"level='asInvoker' uiAccess='false'" /DEBUG /PDB:"D:\MyProgramAndDocument\HWOJ\Orienteering\Debug\YouxianDuilie.pdb" /SUBSYSTEM:CONSOLE /TLBID:1 /DYNAMICBASE /NXCOMPAT /IMPLIB:"D:\MyProgramAndDocument\HWOJ\Orienteering\Debug\YouxianDuilie.lib" /MACHINE:X86 Debug\YouxianDuilie.exe.embed.manifest.res
         Debug\YouxianDuilie.obj
       Manifest:
         C:\Program Files\Microsoft SDKs\Windows\v7.0A\bin\mt.exe /nologo /verbose /out:"Debug\YouxianDuilie.exe.embed.manifest" /manifest Debug\YouxianDuilie.exe.intermediate.manifest
         所有输出均为最新。
       LinkEmbedManifest:
         所有输出均为最新。
         YouxianDuilie.vcxproj -> D:\MyProgramAndDocument\HWOJ\Orienteering\Debug\YouxianDuilie.exe
       FinalizeBuildStatus:
         正在删除文件“Debug\YouxianDuilie.unsuccessfulbuild”。
         正在对“Debug\YouxianDuilie.lastbuildstate”执行 Touch 任务。
     1>已完成生成项目“D:\MyProgramAndDocument\HWOJ\Orienteering\YouxianDuilie\YouxianDuilie.vcxproj”(build 个目标)的操作。

生成成功。

已用时间 00:00:00.97
